[0.163s] DEBUG:colcon:Command line arguments: ['/usr/bin/colcon', 'build']
[0.163s] DEBUG:colcon:Parsed command line arguments: Namespace(ament_cmake_args=None, base_paths=['.'], build_base='build', catkin_cmake_args=None, catkin_skip_building_tests=False, cmake_args=None, cmake_clean_cache=False, cmake_clean_first=False, cmake_force_configure=False, cmake_target=None, cmake_target_skip_unavailable=False, continue_on_error=False, event_handlers=None, executor='parallel', ignore_user_meta=False, install_base='install', log_base=None, log_level=None, main=<bound method BuildVerb.main of <colcon_core.verb.build.BuildVerb object at 0x7faeb9ae0a00>>, merge_install=False, metas=['./colcon.meta'], packages_above=None, packages_above_and_dependencies=None, packages_above_depth=None, packages_end=None, packages_ignore=None, packages_ignore_regex=None, packages_select=None, packages_select_build_failed=False, packages_select_by_dep=None, packages_select_regex=None, packages_select_test_failures=False, packages_skip=None, packages_skip_build_finished=False, packages_skip_by_dep=None, packages_skip_regex=None, packages_skip_test_passed=False, packages_skip_up_to=None, packages_start=None, packages_up_to=None, packages_up_to_regex=None, parallel_workers=16, paths=None, symlink_install=False, test_result_base=None, verb_extension=<colcon_core.verb.build.BuildVerb object at 0x7faeb9ae0a00>, verb_name='build', verb_parser=<colcon_defaults.argument_parser.defaults.DefaultArgumentsDecorator object at 0x7faeb9ae0f70>)
[0.170s] Level 1:colcon.colcon_core.package_discovery:discover_packages(colcon_meta) check parameters
[0.170s] Level 1:colcon.colcon_core.package_discovery:discover_packages(recursive) check parameters
[0.170s] Level 1:colcon.colcon_core.package_discovery:discover_packages(ignore) check parameters
[0.170s] Level 1:colcon.colcon_core.package_discovery:discover_packages(path) check parameters
[0.170s] Level 1:colcon.colcon_core.package_discovery:discover_packages(colcon_meta) discover
[0.170s] Level 1:colcon.colcon_core.package_discovery:discover_packages(recursive) discover
[0.170s] INFO:colcon.colcon_core.package_discovery:Crawling recursively for packages in '/home/saitama1/b2b_t/btob'
[0.170s] Level 1:colcon.colcon_core.package_identification:_identify(.) by extensions ['ignore', 'ignore_ament_install']
[0.170s] Level 1:colcon.colcon_core.package_identification:_identify(.) by extension 'ignore'
[0.170s] Level 1:colcon.colcon_core.package_identification:_identify(.) by extension 'ignore_ament_install'
[0.170s] Level 1:colcon.colcon_core.package_identification:_identify(.) by extensions ['colcon_pkg']
[0.170s] Level 1:colcon.colcon_core.package_identification:_identify(.) by extension 'colcon_pkg'
[0.170s] Level 1:colcon.colcon_core.package_identification:_identify(.) by extensions ['colcon_meta']
[0.170s] Level 1:colcon.colcon_core.package_identification:_identify(.) by extension 'colcon_meta'
[0.170s] Level 1:colcon.colcon_core.package_identification:_identify(.) by extensions ['ros']
[0.170s] Level 1:colcon.colcon_core.package_identification:_identify(.) by extension 'ros'
[0.180s] DEBUG:colcon.colcon_core.package_identification:Package '.' with type 'ros.ament_cmake' and name 'btob_node'
[0.180s] Level 1:colcon.colcon_core.package_discovery:discover_packages(recursive) using defaults
[0.180s] Level 1:colcon.colcon_core.package_discovery:discover_packages(ignore) discover
[0.180s] Level 1:colcon.colcon_core.package_discovery:discover_packages(ignore) using defaults
[0.180s] Level 1:colcon.colcon_core.package_discovery:discover_packages(path) discover
[0.180s] Level 1:colcon.colcon_core.package_discovery:discover_packages(path) using defaults
[0.202s] Level 5:colcon.colcon_core.verb:set package 'btob_node' build argument 'cmake_args' from command line to 'None'
[0.202s] Level 5:colcon.colcon_core.verb:set package 'btob_node' build argument 'cmake_target' from command line to 'None'
[0.202s] Level 5:colcon.colcon_core.verb:set package 'btob_node' build argument 'cmake_target_skip_unavailable' from command line to 'False'
[0.202s] Level 5:colcon.colcon_core.verb:set package 'btob_node' build argument 'cmake_clean_cache' from command line to 'False'
[0.202s] Level 5:colcon.colcon_core.verb:set package 'btob_node' build argument 'cmake_clean_first' from command line to 'False'
[0.202s] Level 5:colcon.colcon_core.verb:set package 'btob_node' build argument 'cmake_force_configure' from command line to 'False'
[0.202s] Level 5:colcon.colcon_core.verb:set package 'btob_node' build argument 'ament_cmake_args' from command line to 'None'
[0.202s] Level 5:colcon.colcon_core.verb:set package 'btob_node' build argument 'catkin_cmake_args' from command line to 'None'
[0.202s] Level 5:colcon.colcon_core.verb:set package 'btob_node' build argument 'catkin_skip_building_tests' from command line to 'False'
[0.202s] DEBUG:colcon.colcon_core.verb:Building package 'btob_node' with the following arguments: {'ament_cmake_args': None, 'build_base': '/home/saitama1/b2b_t/btob/build/btob_node', 'catkin_cmake_args': None, 'catkin_skip_building_tests': False, 'cmake_args': None, 'cmake_clean_cache': False, 'cmake_clean_first': False, 'cmake_force_configure': False, 'cmake_target': None, 'cmake_target_skip_unavailable': False, 'install_base': '/home/saitama1/b2b_t/btob/install/btob_node', 'merge_install': False, 'path': '/home/saitama1/b2b_t/btob', 'symlink_install': False, 'test_result_base': None}
[0.202s] INFO:colcon.colcon_core.executor:Executing jobs using 'parallel' executor
[0.204s] DEBUG:colcon.colcon_parallel_executor.executor.parallel:run_until_complete
[0.204s] INFO:colcon.colcon_ros.task.ament_cmake.build:Building ROS package in '/home/saitama1/b2b_t/btob' with build type 'ament_cmake'
[0.204s] INFO:colcon.colcon_cmake.task.cmake.build:Building CMake package in '/home/saitama1/b2b_t/btob'
[0.208s] INFO:colcon.colcon_core.plugin_system:Skipping extension 'colcon_core.shell.bat': Not used on non-Windows systems
[0.208s] INFO:colcon.colcon_core.shell:Skip shell extension 'powershell' for command environment: Not usable outside of PowerShell
[0.208s] DEBUG:colcon.colcon_core.shell:Skip shell extension 'dsv' for command environment
[0.226s] DEBUG:colcon.colcon_core.shell:Ignoring prefix path '/opt/ros/foxy'
[0.236s] DEBUG:colcon.colcon_core.event_handler.log_command:Invoking command in '/home/saitama1/b2b_t/btob/build/btob_node': CMAKE_PREFIX_PATH=${CMAKE_PREFIX_PATH}:/home/saitama1/ros2_foxy/install/ros2bag:/home/saitama1/ros2_foxy/install/rosbag2_storage_default_plugins:/home/saitama1/ros2_foxy/install/tracetools_launch:/home/saitama1/ros2_foxy/install/topic_monitor:/home/saitama1/ros2_foxy/install/examples_tf2_py:/home/saitama1/ros2_foxy/install/sros2:/home/saitama1/ros2_foxy/install/rqt_topic:/home/saitama1/ros2_foxy/install/rqt_top:/home/saitama1/ros2_foxy/install/rqt_shell:/home/saitama1/ros2_foxy/install/rqt_reconfigure:/home/saitama1/ros2_foxy/install/rqt_action:/home/saitama1/ros2_foxy/install/rqt:/home/saitama1/ros2_foxy/install/rqt_graph:/home/saitama1/ros2_foxy/install/rqt_gui_py:/home/saitama1/ros2_foxy/install/rqt_gui:/home/saitama1/ros2_foxy/install/ros2trace:/home/saitama1/ros2_foxy/install/ros2topic:/home/saitama1/ros2_foxy/install/ros2test:/home/saitama1/ros2_foxy/install/ros2component:/home/saitama1/ros2_foxy/install/ros2param:/home/saitama1/ros2_foxy/install/ros2lifecycle:/home/saitama1/ros2_foxy/install/ros2service:/home/saitama1/ros2_foxy/install/ros2run:/home/saitama1/ros2_foxy/install/ros2launch:/home/saitama1/ros2_foxy/install/ros2pkg:/home/saitama1/ros2_foxy/install/ros2node:/home/saitama1/ros2_foxy/install/ros2multicast:/home/saitama1/ros2_foxy/install/ros2interface:/home/saitama1/ros2_foxy/install/ros2doctor:/home/saitama1/ros2_foxy/install/ros2action:/home/saitama1/ros2_foxy/install/ros2cli:/home/saitama1/ros2_foxy/install/quality_of_service_demo_py:/home/saitama1/ros2_foxy/install/launch_testing_ros:/home/saitama1/ros2_foxy/install/launch_ros:/home/saitama1/ros2_foxy/install/examples_rclpy_minimal_subscriber:/home/saitama1/ros2_foxy/install/examples_rclpy_minimal_service:/home/saitama1/ros2_foxy/install/examples_rclpy_minimal_publisher:/home/saitama1/ros2_foxy/install/examples_rclpy_minimal_client:/home/saitama1/ros2_foxy/install/examples_rclpy_minimal_action_server:/home/saitama1/ros2_foxy/install/examples_rclpy_minimal_action_client:/home/saitama1/ros2_foxy/install/examples_rclpy_executors:/home/saitama1/ros2_foxy/install/demo_nodes_py:/home/saitama1/ros2_foxy/install/action_tutorials_py:/home/saitama1/ros2_foxy/install/ament_uncrustify:/home/saitama1/ros2_foxy/install/tracetools_trace:/home/saitama1/ros2_foxy/install/tracetools_read:/home/saitama1/ros2_foxy/install/test_launch_ros:/home/saitama1/ros2_foxy/install/rpyutils:/home/saitama1/ros2_foxy/install/rosidl_runtime_py:/home/saitama1/ros2_foxy/install/launch_yaml:/home/saitama1/ros2_foxy/install/launch_xml:/home/saitama1/ros2_foxy/install/launch_testing:/home/saitama1/ros2_foxy/install/launch:/home/saitama1/ros2_foxy/install/osrf_pycommon:/home/saitama1/ros2_foxy/install/domain_coordinator:/home/saitama1/ros2_foxy/install/ament_xmllint:/home/saitama1/ros2_foxy/install/ament_pyflakes:/home/saitama1/ros2_foxy/install/ament_pycodestyle:/home/saitama1/ros2_foxy/install/ament_pep257:/home/saitama1/ros2_foxy/install/ament_pclint:/home/saitama1/ros2_foxy/install/ament_package:/home/saitama1/ros2_foxy/install/ament_mypy:/home/saitama1/ros2_foxy/install/ament_lint_cmake:/home/saitama1/ros2_foxy/install/ament_flake8:/home/saitama1/ros2_foxy/install/ament_copyright:/home/saitama1/ros2_foxy/install/ament_lint:/home/saitama1/ros2_foxy/install/ament_index_python:/home/saitama1/ros2_foxy/install/ament_cpplint:/home/saitama1/ros2_foxy/install/ament_cppcheck:/home/saitama1/ros2_foxy/install/ament_clang_tidy:/home/saitama1/ros2_foxy/install/ament_clang_format:/opt/ros/foxy /usr/bin/cmake --build /home/saitama1/b2b_t/btob/build/btob_node -- -j16 -l16
[0.354s] DEBUG:colcon.colcon_core.event_handler.log_command:Invoked command in '/home/saitama1/b2b_t/btob/build/btob_node' returned '0': CMAKE_PREFIX_PATH=${CMAKE_PREFIX_PATH}:/home/saitama1/ros2_foxy/install/ros2bag:/home/saitama1/ros2_foxy/install/rosbag2_storage_default_plugins:/home/saitama1/ros2_foxy/install/tracetools_launch:/home/saitama1/ros2_foxy/install/topic_monitor:/home/saitama1/ros2_foxy/install/examples_tf2_py:/home/saitama1/ros2_foxy/install/sros2:/home/saitama1/ros2_foxy/install/rqt_topic:/home/saitama1/ros2_foxy/install/rqt_top:/home/saitama1/ros2_foxy/install/rqt_shell:/home/saitama1/ros2_foxy/install/rqt_reconfigure:/home/saitama1/ros2_foxy/install/rqt_action:/home/saitama1/ros2_foxy/install/rqt:/home/saitama1/ros2_foxy/install/rqt_graph:/home/saitama1/ros2_foxy/install/rqt_gui_py:/home/saitama1/ros2_foxy/install/rqt_gui:/home/saitama1/ros2_foxy/install/ros2trace:/home/saitama1/ros2_foxy/install/ros2topic:/home/saitama1/ros2_foxy/install/ros2test:/home/saitama1/ros2_foxy/install/ros2component:/home/saitama1/ros2_foxy/install/ros2param:/home/saitama1/ros2_foxy/install/ros2lifecycle:/home/saitama1/ros2_foxy/install/ros2service:/home/saitama1/ros2_foxy/install/ros2run:/home/saitama1/ros2_foxy/install/ros2launch:/home/saitama1/ros2_foxy/install/ros2pkg:/home/saitama1/ros2_foxy/install/ros2node:/home/saitama1/ros2_foxy/install/ros2multicast:/home/saitama1/ros2_foxy/install/ros2interface:/home/saitama1/ros2_foxy/install/ros2doctor:/home/saitama1/ros2_foxy/install/ros2action:/home/saitama1/ros2_foxy/install/ros2cli:/home/saitama1/ros2_foxy/install/quality_of_service_demo_py:/home/saitama1/ros2_foxy/install/launch_testing_ros:/home/saitama1/ros2_foxy/install/launch_ros:/home/saitama1/ros2_foxy/install/examples_rclpy_minimal_subscriber:/home/saitama1/ros2_foxy/install/examples_rclpy_minimal_service:/home/saitama1/ros2_foxy/install/examples_rclpy_minimal_publisher:/home/saitama1/ros2_foxy/install/examples_rclpy_minimal_client:/home/saitama1/ros2_foxy/install/examples_rclpy_minimal_action_server:/home/saitama1/ros2_foxy/install/examples_rclpy_minimal_action_client:/home/saitama1/ros2_foxy/install/examples_rclpy_executors:/home/saitama1/ros2_foxy/install/demo_nodes_py:/home/saitama1/ros2_foxy/install/action_tutorials_py:/home/saitama1/ros2_foxy/install/ament_uncrustify:/home/saitama1/ros2_foxy/install/tracetools_trace:/home/saitama1/ros2_foxy/install/tracetools_read:/home/saitama1/ros2_foxy/install/test_launch_ros:/home/saitama1/ros2_foxy/install/rpyutils:/home/saitama1/ros2_foxy/install/rosidl_runtime_py:/home/saitama1/ros2_foxy/install/launch_yaml:/home/saitama1/ros2_foxy/install/launch_xml:/home/saitama1/ros2_foxy/install/launch_testing:/home/saitama1/ros2_foxy/install/launch:/home/saitama1/ros2_foxy/install/osrf_pycommon:/home/saitama1/ros2_foxy/install/domain_coordinator:/home/saitama1/ros2_foxy/install/ament_xmllint:/home/saitama1/ros2_foxy/install/ament_pyflakes:/home/saitama1/ros2_foxy/install/ament_pycodestyle:/home/saitama1/ros2_foxy/install/ament_pep257:/home/saitama1/ros2_foxy/install/ament_pclint:/home/saitama1/ros2_foxy/install/ament_package:/home/saitama1/ros2_foxy/install/ament_mypy:/home/saitama1/ros2_foxy/install/ament_lint_cmake:/home/saitama1/ros2_foxy/install/ament_flake8:/home/saitama1/ros2_foxy/install/ament_copyright:/home/saitama1/ros2_foxy/install/ament_lint:/home/saitama1/ros2_foxy/install/ament_index_python:/home/saitama1/ros2_foxy/install/ament_cpplint:/home/saitama1/ros2_foxy/install/ament_cppcheck:/home/saitama1/ros2_foxy/install/ament_clang_tidy:/home/saitama1/ros2_foxy/install/ament_clang_format:/opt/ros/foxy /usr/bin/cmake --build /home/saitama1/b2b_t/btob/build/btob_node -- -j16 -l16
[0.448s] DEBUG:colcon.colcon_core.event_handler.log_command:Invoking command in '/home/saitama1/b2b_t/btob/build/btob_node': CMAKE_PREFIX_PATH=${CMAKE_PREFIX_PATH}:/home/saitama1/ros2_foxy/install/ros2bag:/home/saitama1/ros2_foxy/install/rosbag2_storage_default_plugins:/home/saitama1/ros2_foxy/install/tracetools_launch:/home/saitama1/ros2_foxy/install/topic_monitor:/home/saitama1/ros2_foxy/install/examples_tf2_py:/home/saitama1/ros2_foxy/install/sros2:/home/saitama1/ros2_foxy/install/rqt_topic:/home/saitama1/ros2_foxy/install/rqt_top:/home/saitama1/ros2_foxy/install/rqt_shell:/home/saitama1/ros2_foxy/install/rqt_reconfigure:/home/saitama1/ros2_foxy/install/rqt_action:/home/saitama1/ros2_foxy/install/rqt:/home/saitama1/ros2_foxy/install/rqt_graph:/home/saitama1/ros2_foxy/install/rqt_gui_py:/home/saitama1/ros2_foxy/install/rqt_gui:/home/saitama1/ros2_foxy/install/ros2trace:/home/saitama1/ros2_foxy/install/ros2topic:/home/saitama1/ros2_foxy/install/ros2test:/home/saitama1/ros2_foxy/install/ros2component:/home/saitama1/ros2_foxy/install/ros2param:/home/saitama1/ros2_foxy/install/ros2lifecycle:/home/saitama1/ros2_foxy/install/ros2service:/home/saitama1/ros2_foxy/install/ros2run:/home/saitama1/ros2_foxy/install/ros2launch:/home/saitama1/ros2_foxy/install/ros2pkg:/home/saitama1/ros2_foxy/install/ros2node:/home/saitama1/ros2_foxy/install/ros2multicast:/home/saitama1/ros2_foxy/install/ros2interface:/home/saitama1/ros2_foxy/install/ros2doctor:/home/saitama1/ros2_foxy/install/ros2action:/home/saitama1/ros2_foxy/install/ros2cli:/home/saitama1/ros2_foxy/install/quality_of_service_demo_py:/home/saitama1/ros2_foxy/install/launch_testing_ros:/home/saitama1/ros2_foxy/install/launch_ros:/home/saitama1/ros2_foxy/install/examples_rclpy_minimal_subscriber:/home/saitama1/ros2_foxy/install/examples_rclpy_minimal_service:/home/saitama1/ros2_foxy/install/examples_rclpy_minimal_publisher:/home/saitama1/ros2_foxy/install/examples_rclpy_minimal_client:/home/saitama1/ros2_foxy/install/examples_rclpy_minimal_action_server:/home/saitama1/ros2_foxy/install/examples_rclpy_minimal_action_client:/home/saitama1/ros2_foxy/install/examples_rclpy_executors:/home/saitama1/ros2_foxy/install/demo_nodes_py:/home/saitama1/ros2_foxy/install/action_tutorials_py:/home/saitama1/ros2_foxy/install/ament_uncrustify:/home/saitama1/ros2_foxy/install/tracetools_trace:/home/saitama1/ros2_foxy/install/tracetools_read:/home/saitama1/ros2_foxy/install/test_launch_ros:/home/saitama1/ros2_foxy/install/rpyutils:/home/saitama1/ros2_foxy/install/rosidl_runtime_py:/home/saitama1/ros2_foxy/install/launch_yaml:/home/saitama1/ros2_foxy/install/launch_xml:/home/saitama1/ros2_foxy/install/launch_testing:/home/saitama1/ros2_foxy/install/launch:/home/saitama1/ros2_foxy/install/osrf_pycommon:/home/saitama1/ros2_foxy/install/domain_coordinator:/home/saitama1/ros2_foxy/install/ament_xmllint:/home/saitama1/ros2_foxy/install/ament_pyflakes:/home/saitama1/ros2_foxy/install/ament_pycodestyle:/home/saitama1/ros2_foxy/install/ament_pep257:/home/saitama1/ros2_foxy/install/ament_pclint:/home/saitama1/ros2_foxy/install/ament_package:/home/saitama1/ros2_foxy/install/ament_mypy:/home/saitama1/ros2_foxy/install/ament_lint_cmake:/home/saitama1/ros2_foxy/install/ament_flake8:/home/saitama1/ros2_foxy/install/ament_copyright:/home/saitama1/ros2_foxy/install/ament_lint:/home/saitama1/ros2_foxy/install/ament_index_python:/home/saitama1/ros2_foxy/install/ament_cpplint:/home/saitama1/ros2_foxy/install/ament_cppcheck:/home/saitama1/ros2_foxy/install/ament_clang_tidy:/home/saitama1/ros2_foxy/install/ament_clang_format:/opt/ros/foxy /usr/bin/cmake --install /home/saitama1/b2b_t/btob/build/btob_node
[0.475s] Level 1:colcon.colcon_core.environment:create_environment_scripts_only(btob_node)
[0.476s] DEBUG:colcon.colcon_core.event_handler.log_command:Invoked command in '/home/saitama1/b2b_t/btob/build/btob_node' returned '0': CMAKE_PREFIX_PATH=${CMAKE_PREFIX_PATH}:/home/saitama1/ros2_foxy/install/ros2bag:/home/saitama1/ros2_foxy/install/rosbag2_storage_default_plugins:/home/saitama1/ros2_foxy/install/tracetools_launch:/home/saitama1/ros2_foxy/install/topic_monitor:/home/saitama1/ros2_foxy/install/examples_tf2_py:/home/saitama1/ros2_foxy/install/sros2:/home/saitama1/ros2_foxy/install/rqt_topic:/home/saitama1/ros2_foxy/install/rqt_top:/home/saitama1/ros2_foxy/install/rqt_shell:/home/saitama1/ros2_foxy/install/rqt_reconfigure:/home/saitama1/ros2_foxy/install/rqt_action:/home/saitama1/ros2_foxy/install/rqt:/home/saitama1/ros2_foxy/install/rqt_graph:/home/saitama1/ros2_foxy/install/rqt_gui_py:/home/saitama1/ros2_foxy/install/rqt_gui:/home/saitama1/ros2_foxy/install/ros2trace:/home/saitama1/ros2_foxy/install/ros2topic:/home/saitama1/ros2_foxy/install/ros2test:/home/saitama1/ros2_foxy/install/ros2component:/home/saitama1/ros2_foxy/install/ros2param:/home/saitama1/ros2_foxy/install/ros2lifecycle:/home/saitama1/ros2_foxy/install/ros2service:/home/saitama1/ros2_foxy/install/ros2run:/home/saitama1/ros2_foxy/install/ros2launch:/home/saitama1/ros2_foxy/install/ros2pkg:/home/saitama1/ros2_foxy/install/ros2node:/home/saitama1/ros2_foxy/install/ros2multicast:/home/saitama1/ros2_foxy/install/ros2interface:/home/saitama1/ros2_foxy/install/ros2doctor:/home/saitama1/ros2_foxy/install/ros2action:/home/saitama1/ros2_foxy/install/ros2cli:/home/saitama1/ros2_foxy/install/quality_of_service_demo_py:/home/saitama1/ros2_foxy/install/launch_testing_ros:/home/saitama1/ros2_foxy/install/launch_ros:/home/saitama1/ros2_foxy/install/examples_rclpy_minimal_subscriber:/home/saitama1/ros2_foxy/install/examples_rclpy_minimal_service:/home/saitama1/ros2_foxy/install/examples_rclpy_minimal_publisher:/home/saitama1/ros2_foxy/install/examples_rclpy_minimal_client:/home/saitama1/ros2_foxy/install/examples_rclpy_minimal_action_server:/home/saitama1/ros2_foxy/install/examples_rclpy_minimal_action_client:/home/saitama1/ros2_foxy/install/examples_rclpy_executors:/home/saitama1/ros2_foxy/install/demo_nodes_py:/home/saitama1/ros2_foxy/install/action_tutorials_py:/home/saitama1/ros2_foxy/install/ament_uncrustify:/home/saitama1/ros2_foxy/install/tracetools_trace:/home/saitama1/ros2_foxy/install/tracetools_read:/home/saitama1/ros2_foxy/install/test_launch_ros:/home/saitama1/ros2_foxy/install/rpyutils:/home/saitama1/ros2_foxy/install/rosidl_runtime_py:/home/saitama1/ros2_foxy/install/launch_yaml:/home/saitama1/ros2_foxy/install/launch_xml:/home/saitama1/ros2_foxy/install/launch_testing:/home/saitama1/ros2_foxy/install/launch:/home/saitama1/ros2_foxy/install/osrf_pycommon:/home/saitama1/ros2_foxy/install/domain_coordinator:/home/saitama1/ros2_foxy/install/ament_xmllint:/home/saitama1/ros2_foxy/install/ament_pyflakes:/home/saitama1/ros2_foxy/install/ament_pycodestyle:/home/saitama1/ros2_foxy/install/ament_pep257:/home/saitama1/ros2_foxy/install/ament_pclint:/home/saitama1/ros2_foxy/install/ament_package:/home/saitama1/ros2_foxy/install/ament_mypy:/home/saitama1/ros2_foxy/install/ament_lint_cmake:/home/saitama1/ros2_foxy/install/ament_flake8:/home/saitama1/ros2_foxy/install/ament_copyright:/home/saitama1/ros2_foxy/install/ament_lint:/home/saitama1/ros2_foxy/install/ament_index_python:/home/saitama1/ros2_foxy/install/ament_cpplint:/home/saitama1/ros2_foxy/install/ament_cppcheck:/home/saitama1/ros2_foxy/install/ament_clang_tidy:/home/saitama1/ros2_foxy/install/ament_clang_format:/opt/ros/foxy /usr/bin/cmake --install /home/saitama1/b2b_t/btob/build/btob_node
[0.481s] Level 1:colcon.colcon_core.environment:checking '/home/saitama1/b2b_t/btob/install/btob_node' for CMake module files
[0.481s] Level 1:colcon.colcon_core.environment:checking '/home/saitama1/b2b_t/btob/install/btob_node' for CMake config files
[0.481s] Level 1:colcon.colcon_core.shell:create_environment_hook('btob_node', 'cmake_prefix_path')
[0.482s] INFO:colcon.colcon_core.shell:Creating environment hook '/home/saitama1/b2b_t/btob/install/btob_node/share/btob_node/hook/cmake_prefix_path.ps1'
[0.482s] INFO:colcon.colcon_core.shell:Creating environment descriptor '/home/saitama1/b2b_t/btob/install/btob_node/share/btob_node/hook/cmake_prefix_path.dsv'
[0.482s] INFO:colcon.colcon_core.shell:Creating environment hook '/home/saitama1/b2b_t/btob/install/btob_node/share/btob_node/hook/cmake_prefix_path.sh'
[0.483s] Level 1:colcon.colcon_core.environment:checking '/home/saitama1/b2b_t/btob/install/btob_node/lib'
[0.483s] Level 1:colcon.colcon_core.shell:create_environment_hook('btob_node', 'ld_library_path_lib')
[0.483s] INFO:colcon.colcon_core.shell:Creating environment hook '/home/saitama1/b2b_t/btob/install/btob_node/share/btob_node/hook/ld_library_path_lib.ps1'
[0.484s] INFO:colcon.colcon_core.shell:Creating environment descriptor '/home/saitama1/b2b_t/btob/install/btob_node/share/btob_node/hook/ld_library_path_lib.dsv'
[0.484s] INFO:colcon.colcon_core.shell:Creating environment hook '/home/saitama1/b2b_t/btob/install/btob_node/share/btob_node/hook/ld_library_path_lib.sh'
[0.484s] Level 1:colcon.colcon_core.environment:checking '/home/saitama1/b2b_t/btob/install/btob_node/bin'
[0.484s] Level 1:colcon.colcon_core.environment:checking '/home/saitama1/b2b_t/btob/install/btob_node/lib/pkgconfig/btob_node.pc'
[0.484s] Level 1:colcon.colcon_core.environment:checking '/home/saitama1/b2b_t/btob/install/btob_node/lib/python3.8/site-packages'
[0.485s] INFO:colcon.colcon_core.shell:Creating package script '/home/saitama1/b2b_t/btob/install/btob_node/share/btob_node/package.ps1'
[0.485s] INFO:colcon.colcon_core.shell:Creating package descriptor '/home/saitama1/b2b_t/btob/install/btob_node/share/btob_node/package.dsv'
[0.486s] INFO:colcon.colcon_core.shell:Creating package script '/home/saitama1/b2b_t/btob/install/btob_node/share/btob_node/package.sh'
[0.486s] INFO:colcon.colcon_core.shell:Creating package script '/home/saitama1/b2b_t/btob/install/btob_node/share/btob_node/package.bash'
[0.486s] INFO:colcon.colcon_core.shell:Creating package script '/home/saitama1/b2b_t/btob/install/btob_node/share/btob_node/package.zsh'
[0.487s] Level 1:colcon.colcon_core.environment:create_file_with_runtime_dependencies(/home/saitama1/b2b_t/btob/install/btob_node/share/colcon-core/packages/btob_node)
[0.555s] Level 1:colcon.colcon_core.environment:create_environment_scripts_only(btob_node)
[0.557s] Level 1:colcon.colcon_core.environment:checking '/home/saitama1/b2b_t/btob/install/btob_node' for CMake module files
[0.558s] Level 1:colcon.colcon_core.environment:checking '/home/saitama1/b2b_t/btob/install/btob_node' for CMake config files
[0.558s] Level 1:colcon.colcon_core.shell:create_environment_hook('btob_node', 'cmake_prefix_path')
[0.559s] INFO:colcon.colcon_core.shell:Creating environment hook '/home/saitama1/b2b_t/btob/install/btob_node/share/btob_node/hook/cmake_prefix_path.ps1'
[0.559s] INFO:colcon.colcon_core.shell:Creating environment descriptor '/home/saitama1/b2b_t/btob/install/btob_node/share/btob_node/hook/cmake_prefix_path.dsv'
[0.560s] INFO:colcon.colcon_core.shell:Creating environment hook '/home/saitama1/b2b_t/btob/install/btob_node/share/btob_node/hook/cmake_prefix_path.sh'
[0.561s] Level 1:colcon.colcon_core.environment:checking '/home/saitama1/b2b_t/btob/install/btob_node/lib'
[0.561s] Level 1:colcon.colcon_core.shell:create_environment_hook('btob_node', 'ld_library_path_lib')
[0.562s] INFO:colcon.colcon_core.shell:Creating environment hook '/home/saitama1/b2b_t/btob/install/btob_node/share/btob_node/hook/ld_library_path_lib.ps1'
[0.562s] INFO:colcon.colcon_core.shell:Creating environment descriptor '/home/saitama1/b2b_t/btob/install/btob_node/share/btob_node/hook/ld_library_path_lib.dsv'
[0.563s] INFO:colcon.colcon_core.shell:Creating environment hook '/home/saitama1/b2b_t/btob/install/btob_node/share/btob_node/hook/ld_library_path_lib.sh'
[0.563s] Level 1:colcon.colcon_core.environment:checking '/home/saitama1/b2b_t/btob/install/btob_node/bin'
[0.563s] Level 1:colcon.colcon_core.environment:checking '/home/saitama1/b2b_t/btob/install/btob_node/lib/pkgconfig/btob_node.pc'
[0.563s] Level 1:colcon.colcon_core.environment:checking '/home/saitama1/b2b_t/btob/install/btob_node/lib/python3.8/site-packages'
[0.565s] INFO:colcon.colcon_core.shell:Creating package script '/home/saitama1/b2b_t/btob/install/btob_node/share/btob_node/package.ps1'
[0.565s] INFO:colcon.colcon_core.shell:Creating package descriptor '/home/saitama1/b2b_t/btob/install/btob_node/share/btob_node/package.dsv'
[0.566s] INFO:colcon.colcon_core.shell:Creating package script '/home/saitama1/b2b_t/btob/install/btob_node/share/btob_node/package.sh'
[0.567s] INFO:colcon.colcon_core.shell:Creating package script '/home/saitama1/b2b_t/btob/install/btob_node/share/btob_node/package.bash'
[0.567s] INFO:colcon.colcon_core.shell:Creating package script '/home/saitama1/b2b_t/btob/install/btob_node/share/btob_node/package.zsh'
[0.568s] Level 1:colcon.colcon_core.environment:create_file_with_runtime_dependencies(/home/saitama1/b2b_t/btob/install/btob_node/share/colcon-core/packages/btob_node)
[0.568s] DEBUG:colcon.colcon_parallel_executor.executor.parallel:closing loop
[0.569s] DEBUG:colcon.colcon_parallel_executor.executor.parallel:loop closed
[0.569s] DEBUG:colcon.colcon_parallel_executor.executor.parallel:run_until_complete finished with '0'
[0.569s] DEBUG:colcon.colcon_core.event_reactor:joining thread
[0.585s] INFO:colcon.colcon_core.plugin_system:Skipping extension 'colcon_notification.desktop_notification.terminal_notifier': Not used on non-Darwin systems
[0.585s] INFO:colcon.colcon_core.plugin_system:Skipping extension 'colcon_notification.desktop_notification.win32': Not used on non-Windows systems
[0.585s] INFO:colcon.colcon_notification.desktop_notification:Sending desktop notification using 'notify2'
[0.605s] DEBUG:colcon.colcon_core.event_reactor:joined thread
[0.606s] INFO:colcon.colcon_core.shell:Creating prefix script '/home/saitama1/b2b_t/btob/install/local_setup.ps1'
[0.608s] INFO:colcon.colcon_core.shell:Creating prefix util module '/home/saitama1/b2b_t/btob/install/_local_setup_util_ps1.py'
[0.609s] INFO:colcon.colcon_core.shell:Creating prefix chain script '/home/saitama1/b2b_t/btob/install/setup.ps1'
[0.635s] INFO:colcon.colcon_core.shell:Creating prefix script '/home/saitama1/b2b_t/btob/install/local_setup.sh'
[0.635s] INFO:colcon.colcon_core.shell:Creating prefix util module '/home/saitama1/b2b_t/btob/install/_local_setup_util_sh.py'
[0.636s] INFO:colcon.colcon_core.shell:Creating prefix chain script '/home/saitama1/b2b_t/btob/install/setup.sh'
[0.652s] INFO:colcon.colcon_core.shell:Creating prefix script '/home/saitama1/b2b_t/btob/install/local_setup.bash'
[0.653s] INFO:colcon.colcon_core.shell:Creating prefix chain script '/home/saitama1/b2b_t/btob/install/setup.bash'
[0.664s] INFO:colcon.colcon_core.shell:Creating prefix script '/home/saitama1/b2b_t/btob/install/local_setup.zsh'
[0.665s] INFO:colcon.colcon_core.shell:Creating prefix chain script '/home/saitama1/b2b_t/btob/install/setup.zsh'
