-- Found ament_cmake: 0.9.7 (/home/saitama1/ros2_foxy/install/ament_cmake/share/ament_cmake/cmake)
-- Found PythonInterp: /usr/bin/python3 (found suitable version "3.8.2", minimum required is "3") 
-- Using PYTHON_EXECUTABLE: /usr/bin/python3
-- Found example_interfaces: 0.9.0 (/home/saitama1/ros2_foxy/install/example_interfaces/share/example_interfaces/cmake)
-- Using all available rosidl_typesupport_c: rosidl_typesupport_introspection_c;rosidl_typesupport_fastrtps_c
-- Found rosidl_adapter: 1.1.0 (/home/saitama1/ros2_foxy/install/rosidl_adapter/share/rosidl_adapter/cmake)
-- Using all available rosidl_typesupport_cpp: rosidl_typesupport_introspection_cpp;rosidl_typesupport_fastrtps_cpp
-- Found rclcpp: 2.2.0 (/home/saitama1/ros2_foxy/install/rclcpp/share/rclcpp/cmake)
-- Found rmw_implementation_cmake: 1.0.2 (/home/saitama1/ros2_foxy/install/rmw_implementation_cmake/share/rmw_implementation_cmake/cmake)
-- Using RMW implementation 'rmw_cyclonedds_cpp' as default
-- Found rclcpp_components: 2.2.0 (/home/saitama1/ros2_foxy/install/rclcpp_components/share/rclcpp_components/cmake)
-- Found ament_cmake_auto: 0.9.7 (/home/saitama1/ros2_foxy/install/ament_cmake_auto/share/ament_cmake_auto/cmake)
-- Found autoware_auto_msgs: 0.1.0 (/home/saitama1/adehome/AutowareAuto/install/autoware_auto_msgs/share/autoware_auto_msgs/cmake)
-- Found ament_lint_auto: 0.9.5 (/home/saitama1/ros2_foxy/install/ament_lint_auto/share/ament_lint_auto/cmake)
-- Found python_cmake_module: 0.8.0 (/home/saitama1/ros2_foxy/install/python_cmake_module/share/python_cmake_module/cmake)
-- Found PythonInterp: /usr/bin/python3 (found suitable version "3.8.2", minimum required is "3.5") 
-- Using PYTHON_EXECUTABLE: /usr/bin/python3
-- Using PYTHON_INCLUDE_DIRS: /usr/include/python3.8
-- Using PYTHON_LIBRARIES: /usr/lib/x86_64-linux-gnu/libpython3.8.so
-- Added test 'lint_cmake' to check CMake code style
-- Added test 'copyright' to check source files copyright and LICENSE
-- Added test 'cppcheck' to perform static code analysis on C / C++ code
-- Configured cppcheck include dirs: /home/saitama1/b2b_t/btob/include;/home/saitama1/b2b_t/btob/../install
-- Configured cppcheck exclude dirs and/or files: 
-- Added test 'cpplint' to check C / C++ code against the Google style
-- Configured cpplint exclude dirs and/or files: 
-- Added test 'flake8' to check Python code syntax and style conventions
-- Added test 'pep257' to check Python code against some of the style conventions in PEP 257
-- Added test 'uncrustify' to check C / C++ code style
-- Configured uncrustify additional arguments: 
-- Added test 'xmllint' to check XML markup files
-- Configuring done
-- Generating done
-- Build files have been written to: /home/saitama1/b2b_t/btob/build/btob_node
[35m[1mScanning dependencies of target topics_library[0m
[ 50%] Built target listener
[ 75%] [32mBuilding CXX object CMakeFiles/topics_library.dir/src/listener.cpp.o[0m
[100%] [32m[1mLinking CXX shared library libtopics_library.so[0m
[100%] Built target topics_library
-- Install configuration: ""
-- Up-to-date: /home/saitama1/b2b_t/btob/install/btob_node/lib/btob_node/listener
-- Installing: /home/saitama1/b2b_t/btob/install/btob_node/lib/libtopics_library.so
-- Set runtime path of "/home/saitama1/b2b_t/btob/install/btob_node/lib/libtopics_library.so" to ""
-- Up-to-date: /home/saitama1/b2b_t/btob/install/btob_node/share/btob_node/
-- Up-to-date: /home/saitama1/b2b_t/btob/install/btob_node/share/ament_index/resource_index/package_run_dependencies/btob_node
-- Up-to-date: /home/saitama1/b2b_t/btob/install/btob_node/share/ament_index/resource_index/parent_prefix_path/btob_node
-- Installing: /home/saitama1/b2b_t/btob/install/btob_node/share/btob_node/environment/ament_prefix_path.dsv
-- Installing: /home/saitama1/b2b_t/btob/install/btob_node/share/btob_node/environment/path.dsv
-- Up-to-date: /home/saitama1/b2b_t/btob/install/btob_node/share/btob_node/local_setup.bash
-- Up-to-date: /home/saitama1/b2b_t/btob/install/btob_node/share/btob_node/local_setup.sh
-- Up-to-date: /home/saitama1/b2b_t/btob/install/btob_node/share/btob_node/local_setup.zsh
-- Installing: /home/saitama1/b2b_t/btob/install/btob_node/share/btob_node/local_setup.dsv
-- Installing: /home/saitama1/b2b_t/btob/install/btob_node/share/btob_node/package.dsv
-- Up-to-date: /home/saitama1/b2b_t/btob/install/btob_node/share/ament_index/resource_index/packages/btob_node
-- Up-to-date: /home/saitama1/b2b_t/btob/install/btob_node/share/ament_index/resource_index/rclcpp_components/btob_node
-- Up-to-date: /home/saitama1/b2b_t/btob/install/btob_node/share/btob_node/cmake/btob_nodeConfig.cmake
-- Up-to-date: /home/saitama1/b2b_t/btob/install/btob_node/share/btob_node/cmake/btob_nodeConfig-version.cmake
-- Installing: /home/saitama1/b2b_t/btob/install/btob_node/share/btob_node/package.xml
