[100%] Built target listener
[100%] Built target topics_library
-- Install configuration: ""
-- Up-to-date: /home/saitama1/b2b_t/btob/install/btob_node/lib/btob_node/listener
-- Up-to-date: /home/saitama1/b2b_t/btob/install/btob_node/lib/libtopics_library.so
-- Up-to-date: /home/saitama1/b2b_t/btob/install/btob_node/share/btob_node/
-- Up-to-date: /home/saitama1/b2b_t/btob/install/btob_node/share/ament_index/resource_index/package_run_dependencies/btob_node
-- Up-to-date: /home/saitama1/b2b_t/btob/install/btob_node/share/ament_index/resource_index/parent_prefix_path/btob_node
-- Up-to-date: /home/saitama1/b2b_t/btob/install/btob_node/share/btob_node/environment/ament_prefix_path.dsv
-- Up-to-date: /home/saitama1/b2b_t/btob/install/btob_node/share/btob_node/environment/path.dsv
-- Up-to-date: /home/saitama1/b2b_t/btob/install/btob_node/share/btob_node/local_setup.bash
-- Up-to-date: /home/saitama1/b2b_t/btob/install/btob_node/share/btob_node/local_setup.sh
-- Up-to-date: /home/saitama1/b2b_t/btob/install/btob_node/share/btob_node/local_setup.zsh
-- Up-to-date: /home/saitama1/b2b_t/btob/install/btob_node/share/btob_node/local_setup.dsv
-- Installing: /home/saitama1/b2b_t/btob/install/btob_node/share/btob_node/package.dsv
-- Up-to-date: /home/saitama1/b2b_t/btob/install/btob_node/share/ament_index/resource_index/packages/btob_node
-- Up-to-date: /home/saitama1/b2b_t/btob/install/btob_node/share/ament_index/resource_index/rclcpp_components/btob_node
-- Up-to-date: /home/saitama1/b2b_t/btob/install/btob_node/share/btob_node/cmake/btob_nodeConfig.cmake
-- Up-to-date: /home/saitama1/b2b_t/btob/install/btob_node/share/btob_node/cmake/btob_nodeConfig-version.cmake
-- Up-to-date: /home/saitama1/b2b_t/btob/install/btob_node/share/btob_node/package.xml
